<?xml version="1.0" encoding="UTF-8"?>
<testng-results ignored="0" total="2" passed="2" failed="0" skipped="0">
  <reporter-output>
  </reporter-output>
  <suite started-at="2026-05-25T16:32:40 BST" name="Grid Suite" finished-at="2026-05-25T16:32:49 BST" duration-ms="9092">
    <groups>
    </groups>
    <test started-at="2026-05-25T16:32:40 BST" name="Firefox Test" finished-at="2026-05-25T16:32:49 BST" duration-ms="8930">
      <class name="tests.GoogleTest">
        <test-method is-config="true" signature="setup(java.lang.String)[pri:0, instance:tests.GoogleTest@639c2c1d]" started-at="2026-05-25T16:32:40 BST" name="setup" finished-at="2026-05-25T16:32:45 BST" duration-ms="4903" status="PASS">
          <params>
            <param index="0">
              <value>
                <![CDATA[chrome]]>
              </value>
            </param>
          </params>
          <reporter-output>
          </reporter-output>
        </test-method> <!-- setup -->
        <test-method signature="openGoogle()[pri:0, instance:tests.GoogleTest@639c2c1d]" started-at="2026-05-25T16:32:45 BST" name="openGoogle" finished-at="2026-05-25T16:32:48 BST" duration-ms="3652" status="PASS">
          <reporter-output>
          </reporter-output>
        </test-method> <!-- openGoogle -->
        <test-method is-config="true" signature="teardown()[pri:0, instance:tests.GoogleTest@639c2c1d]" started-at="2026-05-25T16:32:48 BST" name="teardown" finished-at="2026-05-25T16:32:49 BST" duration-ms="261" status="PASS">
          <reporter-output>
          </reporter-output>
        </test-method> <!-- teardown -->
      </class> <!-- tests.GoogleTest -->
    </test> <!-- Firefox Test -->
    <test started-at="2026-05-25T16:32:40 BST" name="Chrome Test" finished-at="2026-05-25T16:32:49 BST" duration-ms="9092">
      <class name="tests.GoogleTest">
        <test-method is-config="true" signature="setup(java.lang.String)[pri:0, instance:tests.GoogleTest@515aebb0]" started-at="2026-05-25T16:32:40 BST" name="setup" finished-at="2026-05-25T16:32:45 BST" duration-ms="4903" status="PASS">
          <params>
            <param index="0">
              <value>
                <![CDATA[chrome]]>
              </value>
            </param>
          </params>
          <reporter-output>
          </reporter-output>
        </test-method> <!-- setup -->
        <test-method signature="openGoogle()[pri:0, instance:tests.GoogleTest@515aebb0]" started-at="2026-05-25T16:32:45 BST" name="openGoogle" finished-at="2026-05-25T16:32:49 BST" duration-ms="3854" status="PASS">
          <reporter-output>
          </reporter-output>
        </test-method> <!-- openGoogle -->
        <test-method is-config="true" signature="teardown()[pri:0, instance:tests.GoogleTest@515aebb0]" started-at="2026-05-25T16:32:49 BST" name="teardown" finished-at="2026-05-25T16:32:49 BST" duration-ms="238" status="PASS">
          <reporter-output>
          </reporter-output>
        </test-method> <!-- teardown -->
      </class> <!-- tests.GoogleTest -->
    </test> <!-- Chrome Test -->
  </suite> <!-- Grid Suite -->
</testng-results>
